Vivado Simulator 2018.3
Copyright 1986-1999, 2001-2018 Xilinx, Inc. All Rights Reserved.
Running: D:/vivado/Vivado/2018.3/bin/unwrapped/win64.o/xelab.exe -wto dcd54d612027436c9f96088340ca1282 --incr --debug typical --relax --mt 2 -L xil_defaultlib -L unisims_ver -L unimacro_ver -L secureip --snapshot sim_pipe_top_behav xil_defaultlib.sim_pipe_top xil_defaultlib.glbl -log elaborate.log 
Using 2 slave threads.
Starting static elaboration
WARNING: [VRFC 10-3091] actual bit length 16 differs from formal bit length 1 for port 'src_pc' [F:/vivado_cpu/project_2/project_2.srcs/sim_1/new/sim_pipe_top.v:42]
WARNING: [VRFC 10-3091] actual bit length 16 differs from formal bit length 1 for port 'start' [F:/vivado_cpu/project_2/project_2.srcs/sim_1/new/sim_pipe_top.v:43]
WARNING: [VRFC 10-3091] actual bit length 4 differs from formal bit length 1 for port 'i_M_Cnd' [F:/vivado_cpu/project_2/project_2.srcs/sources_1/new/pipe_top.v:58]
WARNING: [VRFC 10-3091] actual bit length 4 differs from formal bit length 1 for port 'o_M_Cnd' [F:/vivado_cpu/project_2/project_2.srcs/sources_1/new/pipe_top.v:159]
WARNING: [VRFC 10-3705] select index 63 into 'mem_addr' is out of bounds [F:/vivado_cpu/project_2/project_2.srcs/sources_1/new/mem_access.v:108]
WARNING: [VRFC 10-3705] select index 63 into 'mem_addr' is out of bounds [F:/vivado_cpu/project_2/project_2.srcs/sources_1/new/mem_access.v:117]
Completed static elaboration
Starting simulation data flow analysis
Completed simulation data flow analysis
Time Resolution for simulation is 1ps
Compiling module xil_defaultlib.imem
Compiling module xil_defaultlib.fetch
Compiling module xil_defaultlib.reg_set
Compiling module xil_defaultlib.decode_write
Compiling module xil_defaultlib.execute
Compiling module xil_defaultlib.dmem
Compiling module xil_defaultlib.mem_access
Compiling module xil_defaultlib.pipe_ctrl
Compiling module xil_defaultlib.pipe_top
Compiling module xil_defaultlib.sim_pipe_top
Compiling module xil_defaultlib.glbl
Built simulation snapshot sim_pipe_top_behav
