INFO: [VRFC 10-2263] Analyzing Verilog file "F:/vivado_cpu/project_2/project_2.srcs/sources_1/new/cpu_param.vh" into library xil_defaultlib
INFO: [VRFC 10-2263] Analyzing Verilog file "F:/vivado_cpu/project_2/project_2.srcs/sources_1/new/decode_write.v" into library xil_defaultlib
INFO: [VRFC 10-311] analyzing module decode_write
INFO: [VRFC 10-2263] Analyzing Verilog file "F:/vivado_cpu/project_2/project_2.srcs/sources_1/new/dmem.v" into library xil_defaultlib
INFO: [VRFC 10-311] analyzing module dmem
INFO: [VRFC 10-2263] Analyzing Verilog file "F:/vivado_cpu/project_2/project_2.srcs/sources_1/new/execute.v" into library xil_defaultlib
INFO: [VRFC 10-311] analyzing module execute
INFO: [VRFC 10-2263] Analyzing Verilog file "F:/vivado_cpu/project_2/project_2.srcs/sources_1/new/fetch.v" into library xil_defaultlib
INFO: [VRFC 10-311] analyzing module fetch
INFO: [VRFC 10-2263] Analyzing Verilog file "F:/vivado_cpu/project_2/project_2.srcs/sources_1/new/imem.v" into library xil_defaultlib
INFO: [VRFC 10-311] analyzing module imem
INFO: [VRFC 10-2263] Analyzing Verilog file "F:/vivado_cpu/project_2/project_2.srcs/sources_1/new/mem_access.v" into library xil_defaultlib
INFO: [VRFC 10-311] analyzing module mem_access
INFO: [VRFC 10-2263] Analyzing Verilog file "F:/vivado_cpu/project_2/project_2.srcs/sources_1/new/pipe_ctrl.v" into library xil_defaultlib
INFO: [VRFC 10-311] analyzing module pipe_ctrl
INFO: [VRFC 10-2263] Analyzing Verilog file "F:/vivado_cpu/project_2/project_2.srcs/sources_1/new/pipe_top.v" into library xil_defaultlib
INFO: [VRFC 10-311] analyzing module pipe_top
WARNING: [VRFC 10-3380] identifier 'F_predPC' is used before its declaration [F:/vivado_cpu/project_2/project_2.srcs/sources_1/new/pipe_top.v:32]
INFO: [VRFC 10-2263] Analyzing Verilog file "F:/vivado_cpu/project_2/project_2.srcs/sources_1/new/reg_set.v" into library xil_defaultlib
INFO: [VRFC 10-311] analyzing module reg_set
INFO: [VRFC 10-2263] Analyzing Verilog file "F:/vivado_cpu/project_2/project_2.srcs/sim_1/new/sim_pipe_top.v" into library xil_defaultlib
INFO: [VRFC 10-311] analyzing module sim_pipe_top
